c:\users\12082\source\repos\comlink_sim\comlink_sim\debug\comlink_sim.pch
c:\users\12082\source\repos\comlink_sim\comlink_sim\debug\vc141.pdb
c:\users\12082\source\repos\comlink_sim\comlink_sim\debug\vc141.idb
c:\users\12082\source\repos\comlink_sim\comlink_sim\debug\stdafx.obj
c:\users\12082\source\repos\comlink_sim\comlink_sim\debug\comlink_sim.obj
h:\git\tool_wave\comlink_sim\debug\comlink_sim.pch
h:\git\tool_wave\comlink_sim\debug\vc141.pdb
h:\git\tool_wave\comlink_sim\debug\vc141.idb
h:\git\tool_wave\comlink_sim\debug\stdafx.obj
h:\git\tool_wave\comlink_sim\debug\comlink_sim.obj
h:\git\tool_wave\comlink_sim\debug\comlink.obj
h:\git\tool_wave\debug\comlink_sim.lib
h:\git\tool_wave\debug\comlink_sim.exp
c:\users\12082\source\repos\comlink_sim\debug\comlink_sim.ilk
c:\users\12082\source\repos\comlink_sim\debug\comlink_sim.exe
c:\users\12082\source\repos\comlink_sim\debug\comlink_sim.pdb
h:\git\tool_wave\debug\comlink_sim.ilk
h:\git\tool_wave\debug\comlink_sim.exe
h:\git\tool_wave\debug\comlink_sim.pdb
c:\users\fx\documents\fx_tools\tool_wave\comlink_sim\debug\vc141.idb
c:\users\fx\documents\fx_tools\tool_wave\comlink_sim\debug\comlink_sim.tlog\cl.command.1.tlog
c:\users\fx\documents\fx_tools\tool_wave\comlink_sim\debug\comlink_sim.tlog\cl.read.1.tlog
c:\users\fx\documents\fx_tools\tool_wave\comlink_sim\debug\comlink_sim.tlog\cl.write.1.tlog
c:\users\fx\documents\fx_tools\tool_wave\comlink_sim\debug\comlink_sim.tlog\comlink_sim.write.1u.tlog
c:\users\fx\documents\fx_tools\tool_wave\comlink_sim\debug\comlink_sim.tlog\link.command.1.tlog
c:\users\fx\documents\fx_tools\tool_wave\comlink_sim\debug\comlink_sim.tlog\link.delete.1.tlog
c:\users\fx\documents\fx_tools\tool_wave\comlink_sim\debug\comlink_sim.tlog\link.read.1.tlog
c:\users\fx\documents\fx_tools\tool_wave\comlink_sim\debug\comlink_sim.tlog\link.write.1.tlog
