c:\users\12082\documents\toolkit\comlink\debug\comlink.pch
c:\users\12082\documents\toolkit\comlink\debug\vc141.pdb
c:\users\12082\documents\toolkit\comlink\debug\vc141.idb
c:\users\12082\documents\toolkit\comlink\debug\stdafx.obj
c:\users\12082\documents\toolkit\comlink\debug\dllmain.obj
c:\users\12082\documents\toolkit\comlink\debug\comlink_msg.obj
c:\users\12082\documents\toolkit\comlink\debug\comlink.obj
g:\fx\toolkit\comlink\debug\comlink.pch
g:\fx\toolkit\comlink\debug\vc141.pdb
g:\fx\toolkit\comlink\debug\vc141.idb
g:\fx\toolkit\comlink\debug\stdafx.obj
g:\fx\toolkit\comlink\debug\dllmain.obj
g:\fx\toolkit\comlink\debug\comlink_msg.obj
g:\fx\toolkit\comlink\debug\comlink.obj
c:\users\12082\documents\toolkit\debug\comlink.lib
c:\users\12082\documents\toolkit\debug\comlink.exp
g:\fx\toolkit\debug\comlink.lib
g:\fx\toolkit\debug\comlink.exp
c:\users\12082\documents\toolkit\debug\comlink.ilk
c:\users\12082\documents\toolkit\debug\comlink.dll
c:\users\12082\documents\toolkit\debug\comlink.pdb
g:\fx\toolkit\debug\comlink.ilk
g:\fx\toolkit\debug\comlink.dll
g:\fx\toolkit\debug\comlink.pdb
g:\fx\toolkit\comlink\debug\comlink.tlog\cl.command.1.tlog
g:\fx\toolkit\comlink\debug\comlink.tlog\cl.read.1.tlog
g:\fx\toolkit\comlink\debug\comlink.tlog\cl.write.1.tlog
g:\fx\toolkit\comlink\debug\comlink.tlog\comlink.write.1u.tlog
g:\fx\toolkit\comlink\debug\comlink.tlog\link.command.1.tlog
g:\fx\toolkit\comlink\debug\comlink.tlog\link.read.1.tlog
g:\fx\toolkit\comlink\debug\comlink.tlog\link.write.1.tlog
